2022-09-18T17:50:11.714803+00:00 143.264 1.0 144.264
2022-09-18T17:59:11.183654+00:00 2.099 0.9 2.999
2022-09-18T17:59:16.221642+00:00 8.039 0.9 8.939
2022-09-18T17:59:21.257909+00:00 16.516 0.9 17.416
2022-09-18T17:59:26.299624+00:00 19.028 0.9 19.928
2022-09-18T17:59:31.339018+00:00 20.466 0.9 21.366
2022-09-18T17:59:36.384845+00:00 26.21 0.9 27.11
2022-09-18T17:59:41.419783+00:00 29.043 0.9 29.943
2022-09-18T17:59:46.436990+00:00 33.903 0.9 34.803
2022-09-18T17:59:51.477186+00:00 38.346 0.9 39.246
2022-09-18T17:59:56.514864+00:00 44.194 0.9 45.094
2022-09-18T18:00:01.551377+00:00 44.378 0.9 45.278
2022-09-18T18:00:06.589094+00:00 50.16 0.9 51.06
2022-09-18T18:00:11.633377+00:00 55.361 0.9 56.261
2022-09-18T18:00:16.676098+00:00 59.973 0.9 60.873
2022-09-18T18:00:21.720465+00:00 62.458 0.9 63.358
2022-09-18T18:00:26.738915+00:00 64.924 0.9 65.824
2022-09-18T18:00:31.793206+00:00 66.056 0.9 66.956
2022-09-18T18:00:36.819785+00:00 69.697 0.9 70.597
2022-09-18T18:00:41.855901+00:00 72.555 0.9 73.455
2022-09-18T18:00:46.874630+00:00 81.222 0.9 82.122
2022-09-18T18:00:51.904213+00:00 84.899 0.9 85.799
2022-09-18T18:00:56.954443+00:00 93.61 0.9 94.51
2022-09-18T18:01:01.983737+00:00 101.141 0.9 102.041
2022-09-18T18:01:07.012915+00:00 101.457 0.9 102.357
2022-09-18T18:01:12.034491+00:00 102.793 0.9 103.693
2022-09-18T18:01:17.051325+00:00 105.74 0.9 106.64
2022-09-18T18:01:22.067842+00:00 108.645 0.9 109.545
2022-09-18T18:01:27.083851+00:00 110.09 0.9 110.99
2022-09-18T18:01:32.099577+00:00 117.507 0.9 118.407
2022-09-18T18:01:37.117354+00:00 119.151 0.9 120.051
2022-09-18T18:01:42.195721+00:00 120.235 0.9 121.135
2022-09-18T18:01:47.235034+00:00 122.985 0.9 123.885
2022-09-18T18:01:52.279129+00:00 125.809 0.9 126.709
2022-09-18T18:01:57.318559+00:00 130.772 0.9 131.672
2022-09-18T18:02:02.338167+00:00 139.153 0.9 140.053
2022-09-18T18:02:07.378821+00:00 143.318 0.9 144.218
2022-09-18T18:02:12.416510+00:00 146.491 0.9 147.391
2022-09-18T18:02:17.464928+00:00 147.564 0.9 148.464
2022-09-18T18:02:22.504403+00:00 151.387 0.9 152.287
2022-09-18T18:02:27.544214+00:00 158.43 0.9 159.33
2022-09-18T18:02:32.582953+00:00 163.194 0.9 164.094
2022-09-18T18:02:37.622672+00:00 166.319 0.9 167.219
2022-09-18T18:02:42.674299+00:00 170.961 0.9 171.861
2022-09-18T18:02:47.711599+00:00 175.332 0.9 176.232
2022-09-18T18:02:52.734883+00:00 175.452 0.9 176.352
2022-09-18T18:02:57.751364+00:00 181.806 0.9 182.706
2022-09-18T18:03:02.764338+00:00 188.272 0.9 189.172
2022-09-18T18:03:07.799940+00:00 192.385 0.9 193.285
2022-09-18T18:03:12.835159+00:00 198.696 0.9 199.596
2022-09-18T18:03:17.873597+00:00 205.905 0.9 206.805
2022-09-18T18:03:22.911218+00:00 212.745 0.9 213.645
2022-09-18T18:03:27.956150+00:00 219.032 0.9 219.932
2022-09-18T18:03:33.001356+00:00 219.953 0.9 220.853
2022-09-18T18:03:38.039839+00:00 224.27 0.9 225.17
2022-09-18T18:03:43.076847+00:00 230.941 0.9 231.841
2022-09-18T18:03:48.119734+00:00 231.844 0.9 232.744
2022-09-18T18:03:53.160017+00:00 237.728 0.9 238.628
2022-09-18T18:03:58.201779+00:00 239.376 0.9 240.276
2022-09-18T18:04:03.243188+00:00 244.586 0.8 245.386
2022-09-18T18:04:08.287772+00:00 245.934 0.8 246.734
2022-09-18T18:04:13.330582+00:00 249.659 0.8 250.459
2022-09-18T18:04:18.361821+00:00 250.468 0.8 251.268
2022-09-18T18:04:23.383744+00:00 258.519 0.8 259.319
2022-09-18T18:04:28.418364+00:00 260.825 0.8 261.625
2022-09-18T18:04:33.444791+00:00 260.982 0.8 261.782
2022-09-18T18:04:38.481312+00:00 264.288 0.8 265.088
2022-09-18T18:04:43.521125+00:00 264.849 0.8 265.649
2022-09-18T18:04:48.533893+00:00 269.989 0.8 270.789
2022-09-18T18:04:53.549268+00:00 273.874 0.8 274.674
2022-09-18T18:04:58.565438+00:00 278.999 0.8 279.799
2022-09-18T18:05:03.580527+00:00 279.85 0.8 280.65
2022-09-18T18:05:08.621209+00:00 282.878 0.8 283.678
2022-09-18T18:05:13.664876+00:00 291.66 0.8 292.46
2022-09-18T18:05:18.691506+00:00 295.058 0.8 295.858
2022-09-18T18:05:23.734957+00:00 301.828 0.8 302.628
2022-09-18T18:05:28.775579+00:00 310.246 0.8 311.046
2022-09-18T18:05:33.819154+00:00 313.498 0.8 314.298
2022-09-18T18:05:38.861693+00:00 317.503 0.8 318.303
2022-09-18T18:05:43.903492+00:00 322.767 0.8 323.567
2022-09-18T18:05:48.941875+00:00 327.538 0.8 328.338
2022-09-18T18:05:53.982544+00:00 333.426 0.8 334.226
2022-09-18T18:05:59.025636+00:00 342.249 0.8 343.049
2022-09-18T18:06:04.063634+00:00 344.922 0.8 345.722
2022-09-18T18:06:09.108681+00:00 353.154 0.8 353.954
2022-09-18T18:06:14.149125+00:00 359.064 0.8 359.864
2022-09-18T18:06:19.209732+00:00 367.459 0.8 368.259
2022-09-18T18:06:24.250667+00:00 371.683 0.8 372.483
2022-09-18T18:06:29.288153+00:00 379.453 0.8 380.253
2022-09-18T18:06:34.305441+00:00 384.938 0.8 385.738
2022-09-18T18:06:39.344314+00:00 390.572 0.8 391.372
2022-09-18T18:06:44.387997+00:00 395.634 0.8 396.434
2022-09-18T18:06:49.427483+00:00 400.673 0.8 401.473
2022-09-18T18:06:54.469561+00:00 402.478 0.8 403.278
2022-09-18T18:06:59.515296+00:00 410.689 0.8 411.489
2022-09-18T18:07:04.555060+00:00 411.056 0.8 411.856
2022-09-18T18:07:09.595209+00:00 414.769 0.8 415.569
2022-09-18T18:07:14.631685+00:00 420.271 0.8 421.071
2022-09-18T18:07:19.676556+00:00 426.495 0.8 427.295
2022-09-18T18:07:24.714699+00:00 433.007 0.8 433.807
2022-09-18T18:07:29.756555+00:00 439.662 0.8 440.462
2022-09-18T18:07:34.794888+00:00 448.212 0.8 449.012
2022-09-18T18:07:39.832521+00:00 453.156 0.8 453.956
2022-09-18T18:07:44.871931+00:00 460.958 0.8 461.758
2022-09-18T18:07:49.910964+00:00 461.496 0.8 462.296
2022-09-18T18:07:54.957660+00:00 462.479 0.8 463.279
2022-09-18T18:08:00.001508+00:00 470.442 0.8 471.242
2022-09-18T18:08:05.045066+00:00 477.966 0.8 478.766
2022-09-18T18:08:10.084102+00:00 484.939 0.8 485.739
2022-09-18T18:08:15.123406+00:00 488.642 0.8 489.442
2022-09-18T18:08:20.167472+00:00 493.797 0.8 494.597
2022-09-18T18:08:25.204352+00:00 498.198 0.8 498.998
2022-09-18T18:08:30.226124+00:00 498.214 0.8 499.014
2022-09-18T18:08:35.273000+00:00 501.391 0.8 502.191
2022-09-18T18:08:40.344239+00:00 507.756 0.8 508.556
2022-09-18T18:08:45.380926+00:00 511.931 0.8 512.731
2022-09-18T18:08:50.419058+00:00 518.915 0.8 519.715
2022-09-18T18:08:55.456541+00:00 527.562 0.8 528.362
2022-09-18T18:09:00.496370+00:00 530.769 0.8 531.569
2022-09-18T18:09:05.536767+00:00 535.661 0.8 536.461
2022-09-18T18:09:10.573890+00:00 539.577 0.8 540.377
2022-09-18T18:09:15.611607+00:00 543.662 0.8 544.462
2022-09-18T18:09:20.648929+00:00 548.505 0.8 549.305
2022-09-18T18:09:25.686893+00:00 552.671 0.8 553.471
2022-09-18T18:09:30.727191+00:00 559.211 0.8 560.011
2022-09-18T18:09:35.766637+00:00 559.737 0.8 560.537
2022-09-18T18:09:40.812293+00:00 561.378 0.8 562.178
2022-09-18T18:09:45.851347+00:00 563.088 0.8 563.888
2022-09-18T18:09:50.892822+00:00 564.982 0.8 565.782
2022-09-18T18:09:55.932649+00:00 571.459 0.8 572.259
2022-09-18T18:10:00.978442+00:00 577.313 0.8 578.113
2022-09-18T18:10:06.016700+00:00 577.718 0.8 578.518
2022-09-18T18:10:11.055032+00:00 584.245 0.8 585.045
2022-09-18T18:10:16.094653+00:00 586.217 0.8 587.017
2022-09-18T18:10:21.134379+00:00 588.614 0.8 589.414
2022-09-18T18:10:26.247456+00:00 589.726 0.8 590.526
2022-09-18T18:10:31.266503+00:00 592.575 0.8 593.375
2022-09-18T18:10:36.310514+00:00 598.832 0.8 599.632
2022-09-18T18:10:41.358548+00:00 606.469 0.8 607.269
2022-09-18T18:10:46.399939+00:00 614.19 0.8 614.99
2022-09-18T18:10:51.437404+00:00 618.133 0.8 618.933
2022-09-18T18:10:56.477321+00:00 624.123 0.8 624.923
2022-09-18T18:11:01.516575+00:00 630.125 0.8 630.925
2022-09-18T18:11:06.555685+00:00 638.67 0.8 639.47
2022-09-18T18:11:11.598198+00:00 644.051 0.8 644.851
2022-09-18T18:11:16.615482+00:00 646.842 0.8 647.642
2022-09-18T18:11:21.652631+00:00 652.89 0.8 653.69
2022-09-18T18:11:26.671594+00:00 656.793 0.8 657.593
2022-09-18T18:11:31.701238+00:00 658.942 0.8 659.742
2022-09-18T18:11:36.742374+00:00 665.033 0.8 665.833
2022-09-18T18:11:41.781803+00:00 667.119 0.8 667.919
2022-09-18T18:11:46.810930+00:00 671.982 0.8 672.782
2022-09-18T18:11:51.842620+00:00 678.971 0.8 679.771
2022-09-18T18:11:56.865318+00:00 683.671 0.8 684.471
2022-09-18T18:12:01.886205+00:00 684.496 0.8 685.296
2022-09-18T18:12:06.921332+00:00 685.433 0.8 686.233
2022-09-18T18:12:11.933506+00:00 689.395 0.8 690.195
2022-09-18T18:12:16.955618+00:00 694.167 0.8 694.967
2022-09-18T18:12:21.976751+00:00 703.059 0.8 703.859
2022-09-18T18:12:27.009599+00:00 703.593 0.8 704.393
2022-09-18T18:12:32.027064+00:00 707.642 0.8 708.442
2022-09-18T18:12:37.044684+00:00 711.0 0.8 711.8
2022-09-18T18:12:42.081331+00:00 715.291 0.8 716.091
2022-09-18T18:12:47.097325+00:00 723.985 0.8 724.785
2022-09-18T18:12:52.112348+00:00 730.075 0.8 730.875
2022-09-18T18:12:57.135706+00:00 734.558 0.8 735.358